#
# A fatal error has been detected by the Java Runtime Environment:
#
#  EXCEPTION_ACCESS_VIOLATION (0xc0000005) at pc=0x00007ffa540a4186, pid=11884, tid=8196
#
# JRE version: Java(TM) SE Runtime Environment (16.0.1+9) (build 16.0.1+9-24)
# Java VM: Java HotSpot(TM) 64-Bit Server VM (16.0.1+9-24, mixed mode, sharing, tiered, compressed oops, compressed class ptrs, g1 gc, windows-amd64)
# Problematic frame:
# V  [jvm.dll+0x304186]
#
# No core dump will be written. Minidumps are not enabled by default on client versions of Windows
#
# If you would like to submit a bug report, please visit:
#   https://bugreport.java.com/bugreport/crash.jsp
#

---------------  S U M M A R Y ------------

Command Line: -XX:TieredStopAtLevel=1 -Xverify:none -Dspring.output.ansi.enabled=always -javaagent:C:\Program Files\JetBrains\IntelliJ IDEA 2021.1.2\lib\idea_rt.jar=55709:C:\Program Files\JetBrains\IntelliJ IDEA 2021.1.2\bin -Dcom.sun.management.jmxremote -Dspring.jmx.enabled=true -Dspring.liveBeansView.mbeanDomain -Dspring.application.admin.enabled=true -Dfile.encoding=UTF-8 softuni.exam.ExamApplication

Host: Intel(R) Core(TM) i5-8250U CPU @ 1.60GHz, 8 cores, 7G,  Windows 10 , 64 bit Build 19041 (10.0.19041.1023)
Time: Sat Jul 31 17:51:37 2021  Windows 10 , 64 bit Build 19041 (10.0.19041.1023) elapsed time: 2.159039 seconds (0d 0h 0m 2s)

---------------  T H R E A D  ---------------

Current thread (0x00000236aa074c30):  GCTaskThread "GC Thread#3" [stack: 0x0000003d00400000,0x0000003d00500000] [id=8196]

Stack: [0x0000003d00400000,0x0000003d00500000],  sp=0x0000003d004ff178,  free space=1020k
Native frames: (J=compiled Java code, j=interpreted, Vv=VM code, C=native code)
V  [jvm.dll+0x304186]


siginfo: EXCEPTION_ACCESS_VIOLATION (0xc0000005), reading address 0x0000023be6721400


Register to memory mapping:

RIP=0x00007ffa540a4186 jvm.dll
RAX=0x000002368aab0000 points into unknown readable memory: 0x000002368aab3f80 | 80 3f ab 8a 36 02 00 00
RBX=0x0000000082428a38 is an oop: java.util.HashMap 
{0x0000000082428a38} - klass: 'java/util/HashMap'
RCX=0x000002368aab6d80 points into unknown readable memory: 0x0000000000000000 | 00 00 00 00 00 00 00 00
RDX=0x00000236ab78d670 points into unknown readable memory: 0x00007ffa546888d0 | d0 88 68 54 fa 7f 00 00
RSP=0x0000003d004ff178 points into unknown readable memory: 0x00007ffa540a5d6b | 6b 5d 0a 54 fa 7f 00 00
RBP=0x00000236ab78d670 points into unknown readable memory: 0x00007ffa546888d0 | d0 88 68 54 fa 7f 00 00
RSI=0x00000000824289c0 points into unknown readable memory: 0x00000000824289c3 | c3 89 42 82 00 00 00 00
RDI=0x0000000082428a54 points into unknown readable memory: 0c 00 00 00
R8 =0x00000000ab78d4d0 is an unallocated location in the heap
R9 =0x0000000082428a38 is an oop: java.util.HashMap 
{0x0000000082428a38} - klass: 'java/util/HashMap'
R10=0x0000000000412145 is an unknown value
R11=0x000002368ac17e80 points into unknown readable memory: 0x000002368ab85070 | 70 50 b8 8a 36 02 00 00
R12=0x0 is NULL
R13=0x00000000001635da is an unknown value
R14=0x00000236ab78d4d0 points into unknown readable memory: 0x00007ffa54688918 | 18 89 68 54 fa 7f 00 00
R15=0x000000080001d5b0 is pointing into metadata


Registers:
RAX=0x000002368aab0000, RBX=0x0000000082428a38, RCX=0x000002368aab6d80, RDX=0x00000236ab78d670
RSP=0x0000003d004ff178, RBP=0x00000236ab78d670, RSI=0x00000000824289c0, RDI=0x0000000082428a54
R8 =0x00000000ab78d4d0, R9 =0x0000000082428a38, R10=0x0000000000412145, R11=0x000002368ac17e80
R12=0x0000000000000000, R13=0x00000000001635da, R14=0x00000236ab78d4d0, R15=0x000000080001d5b0
RIP=0x00007ffa540a4186, EFLAGS=0x0000000000010202

Top of Stack: (sp=0x0000003d004ff178)
0x0000003d004ff178:   00007ffa540a5d6b 00000236ab78d4d0
0x0000003d004ff188:   00007ffa5409df40 0000000000000000
0x0000003d004ff198:   00000000fff1c380 00000000824289c0
0x0000003d004ff1a8:   00000236ab78d4d0 0000000000000001
0x0000003d004ff1b8:   00007ffa5409e9d4 0000000000000001
0x0000003d004ff1c8:   00000236ab78d4d0 000000080001d5b0
0x0000003d004ff1d8:   00000236ab78d4d0 0000000000000000
0x0000003d004ff1e8:   00000000824289c0 0000000000000000
0x0000003d004ff1f8:   00007ffa5409e22e 0000000000000000
0x0000003d004ff208:   00000236ab78d4d0 0000000000000000
0x0000003d004ff218:   0000003d004ff278 0000003d00000000
0x0000003d004ff228:   00007ffa00000000 0000000000000001
0x0000003d004ff238:   0000003d004f0001 0000000000000000
0x0000003d004ff248:   0000000000000001 000002368abf83b0
0x0000003d004ff258:   00007ffa5444af22 000002368ab88830
0x0000003d004ff268:   00007ffa54069f8c 0000000081b06e00 

Instructions: (pc=0x00007ffa540a4186)
0x00007ffa540a4086:   c0 49 33 c1 48 d3 e8 48 85 c0 74 65 48 8b 42 10
0x00007ffa540a4096:   8b 88 c0 01 00 00 48 8b 80 b0 01 00 00 49 d3 e8
0x00007ffa540a40a6:   4a 8b 0c c0 44 8b 42 18 4c 8b 99 c0 00 00 00 41
0x00007ffa540a40b6:   83 bb 00 01 00 00 00 74 38 49 8b 83 f8 00 00 00
0x00007ffa540a40c6:   4d 8b d1 49 c1 ea 09 8b 88 c8 00 00 00 48 8b 05
0x00007ffa540a40d6:   96 2c 7d 00 48 8b 0c c8 4e 39 14 c1 74 13 4e 89
0x00007ffa540a40e6:   14 c1 49 8b d1 49 8d 8b 90 00 00 00 e9 19 09 05
0x00007ffa540a40f6:   00 c3 cc cc cc cc cc cc cc cc 4c 8b ca 48 8b d1
0x00007ffa540a4106:   41 8b 01 85 c0 0f 84 8e 00 00 00 8b 0d 21 cf 76
0x00007ffa540a4116:   00 44 8b c0 49 d3 e0 4c 03 05 0c cf 76 00 74 79
0x00007ffa540a4126:   8b 0d 64 41 7d 00 49 8b c0 49 33 c1 48 d3 e8 48
0x00007ffa540a4136:   85 c0 74 65 48 8b 42 10 8b 88 c0 01 00 00 48 8b
0x00007ffa540a4146:   80 b0 01 00 00 49 d3 e8 4a 8b 0c c0 44 8b 42 18
0x00007ffa540a4156:   4c 8b 99 c0 00 00 00 41 83 bb 00 01 00 00 00 74
0x00007ffa540a4166:   38 49 8b 83 f8 00 00 00 4d 8b d1 49 c1 ea 09 8b
0x00007ffa540a4176:   88 c8 00 00 00 48 8b 05 ee 2b 7d 00 48 8b 0c c8
0x00007ffa540a4186:   4e 39 14 c1 74 13 4e 89 14 c1 49 8b d1 49 8d 8b
0x00007ffa540a4196:   90 00 00 00 e9 71 08 05 00 c3 48 89 6c 24 10 48
0x00007ffa540a41a6:   89 74 24 18 57 48 83 ec 20 48 8b 32 48 8b fa 48
0x00007ffa540a41b6:   8b e9 48 85 f6 74 73 48 8b 41 10 4c 8b c6 48 89
0x00007ffa540a41c6:   5c 24 30 8b 88 78 05 00 00 48 8b 80 68 05 00 00
0x00007ffa540a41d6:   49 d3 e8 42 0f b7 1c 40 0f b7 c3 66 c1 e8 08 84
0x00007ffa540a41e6:   c0 78 0b 48 8b 4d 18 e8 8e 27 fd ff eb 37 8b 0d
0x00007ffa540a41f6:   96 40 7d 00 48 8b c6 48 33 c7 48 d3 e8 48 85 c0
0x00007ffa540a4206:   74 23 4c 8b ce 4c 8b c7 0f b7 d3 48 8b cd e8 27
0x00007ffa540a4216:   88 ff ff 48 8b 4d 18 4c 8b ce 4c 8b c7 0f b7 d3
0x00007ffa540a4226:   e8 b5 87 ff ff 48 8b 5c 24 30 48 8b 6c 24 38 48
0x00007ffa540a4236:   8b 74 24 40 48 83 c4 20 5f c3 48 89 6c 24 18 57
0x00007ffa540a4246:   48 83 ec 20 8b 02 48 8b fa 48 8b e9 85 c0 0f 84
0x00007ffa540a4256:   92 00 00 00 8b 0d d8 cd 76 00 48 89 5c 24 30 48
0x00007ffa540a4266:   89 74 24 38 8b f0 48 8b 45 10 48 d3 e6 48 03 35
0x00007ffa540a4276:   b6 cd 76 00 4c 8b c6 8b 88 78 05 00 00 48 8b 80 


Stack slot to memory mapping:
stack at sp + 0 slots: 0x00007ffa540a5d6b jvm.dll
stack at sp + 1 slots: 0x00000236ab78d4d0 points into unknown readable memory: 0x00007ffa54688918 | 18 89 68 54 fa 7f 00 00
stack at sp + 2 slots: 0x00007ffa5409df40 jvm.dll
stack at sp + 3 slots: 0x0 is NULL
stack at sp + 4 slots: 0x00000000fff1c380 points into unknown readable memory: 0x0000000000000000 | 00 00 00 00 00 00 00 00
stack at sp + 5 slots: 0x00000000824289c0 points into unknown readable memory: 0x00000000824289c3 | c3 89 42 82 00 00 00 00
stack at sp + 6 slots: 0x00000236ab78d4d0 points into unknown readable memory: 0x00007ffa54688918 | 18 89 68 54 fa 7f 00 00
stack at sp + 7 slots: 0x0000000000000001 is an unknown value


---------------  P R O C E S S  ---------------

Threads class SMR info:
_java_thread_list=0x00000236aa43ea00, length=17, elements={
0x000002368ab76af0, 0x00000236a8b4ddf0, 0x00000236a8b4ebc0, 0x00000236a8b63660,
0x00000236a8b67f90, 0x00000236a8b688a0, 0x00000236a8b6a1c0, 0x00000236a8b6ab80,
0x00000236a8b769e0, 0x00000236a8b2b990, 0x00000236a98b07d0, 0x00000236a98b2e90,
0x00000236a9da1660, 0x00000236aa0ad9d0, 0x00000236aa07e880, 0x00000236aa3ae580,
0x00000236aa3ab060
}

Java Threads: ( => current thread )
  0x000002368ab76af0 JavaThread "main" [_thread_blocked, id=7100, stack(0x0000003d7ee00000,0x0000003d7ef00000)]
  0x00000236a8b4ddf0 JavaThread "Reference Handler" daemon [_thread_blocked, id=11168, stack(0x0000003d7f500000,0x0000003d7f600000)]
  0x00000236a8b4ebc0 JavaThread "Finalizer" daemon [_thread_blocked, id=13920, stack(0x0000003d7f600000,0x0000003d7f700000)]
  0x00000236a8b63660 JavaThread "Signal Dispatcher" daemon [_thread_blocked, id=12004, stack(0x0000003d7f700000,0x0000003d7f800000)]
  0x00000236a8b67f90 JavaThread "Attach Listener" daemon [_thread_blocked, id=12148, stack(0x0000003d7f800000,0x0000003d7f900000)]
  0x00000236a8b688a0 JavaThread "Service Thread" daemon [_thread_blocked, id=5896, stack(0x0000003d7f900000,0x0000003d7fa00000)]
  0x00000236a8b6a1c0 JavaThread "Monitor Deflation Thread" daemon [_thread_blocked, id=7980, stack(0x0000003d7fa00000,0x0000003d7fb00000)]
  0x00000236a8b6ab80 JavaThread "C1 CompilerThread0" daemon [_thread_blocked, id=6364, stack(0x0000003d7fb00000,0x0000003d7fc00000)]
  0x00000236a8b769e0 JavaThread "Sweeper thread" daemon [_thread_blocked, id=13432, stack(0x0000003d7fc00000,0x0000003d7fd00000)]
  0x00000236a8b2b990 JavaThread "Common-Cleaner" daemon [_thread_blocked, id=3644, stack(0x0000003d7fd00000,0x0000003d7fe00000)]
  0x00000236a98b07d0 JavaThread "Monitor Ctrl-Break" daemon [_thread_in_native, id=4452, stack(0x0000003d7fe00000,0x0000003d7ff00000)]
  0x00000236a98b2e90 JavaThread "Notification Thread" daemon [_thread_blocked, id=8240, stack(0x0000003d7ff00000,0x0000003d80000000)]
  0x00000236a9da1660 JavaThread "RMI TCP Accept-0" daemon [_thread_in_native, id=7300, stack(0x0000003d00000000,0x0000003d00100000)]
  0x00000236aa0ad9d0 JavaThread "Thread-0" [_thread_blocked, id=8500, stack(0x0000003d00b00000,0x0000003d00c00000)]
  0x00000236aa07e880 JavaThread "restartedMain" [_thread_blocked, id=8288, stack(0x0000003d00c00000,0x0000003d00d00000)]
  0x00000236aa3ae580 JavaThread "RMI TCP Connection(1)-192.168.1.3" daemon [_thread_blocked, id=1300, stack(0x0000003d00e00000,0x0000003d00f00000)]
  0x00000236aa3ab060 JavaThread "RMI Scheduler(0)" daemon [_thread_blocked, id=12108, stack(0x0000003d00f00000,0x0000003d01000000)]

Other Threads:
  0x00000236a8b4a290 VMThread "VM Thread" [stack: 0x0000003d7f400000,0x0000003d7f500000] [id=5540]
  0x00000236a9d9dee0 WatcherThread [stack: 0x0000003d00100000,0x0000003d00200000] [id=2992]
  0x000002368abb5c60 GCTaskThread "GC Thread#0" [stack: 0x0000003d7ef00000,0x0000003d7f000000] [id=7296]
  0x00000236aa05cdc0 GCTaskThread "GC Thread#1" [stack: 0x0000003d00200000,0x0000003d00300000] [id=860]
  0x00000236aa05d0d0 GCTaskThread "GC Thread#2" [stack: 0x0000003d00300000,0x0000003d00400000] [id=11524]
=>0x00000236aa074c30 GCTaskThread "GC Thread#3" [stack: 0x0000003d00400000,0x0000003d00500000] [id=8196]
  0x00000236aa075750 GCTaskThread "GC Thread#4" [stack: 0x0000003d00500000,0x0000003d00600000] [id=11812]
  0x00000236aa0be510 GCTaskThread "GC Thread#5" [stack: 0x0000003d00600000,0x0000003d00700000] [id=2668]
  0x00000236aa0be820 GCTaskThread "GC Thread#6" [stack: 0x0000003d00700000,0x0000003d00800000] [id=12624]
  0x00000236aa0bf340 GCTaskThread "GC Thread#7" [stack: 0x0000003d00800000,0x0000003d00900000] [id=11992]
  0x000002368abc89d0 ConcurrentGCThread "G1 Main Marker" [stack: 0x0000003d7f000000,0x0000003d7f100000] [id=5772]
  0x000002368abca360 ConcurrentGCThread "G1 Conc#0" [stack: 0x0000003d7f100000,0x0000003d7f200000] [id=13692]
  0x00000236ab2cddd0 ConcurrentGCThread "G1 Conc#1" [stack: 0x0000003d00d00000,0x0000003d00e00000] [id=4768]
  0x000002368ac45b50 ConcurrentGCThread "G1 Refine#0" [stack: 0x0000003d7f200000,0x0000003d7f300000] [id=7892]
  0x00000236aa076510 ConcurrentGCThread "G1 Refine#1" [stack: 0x0000003d00900000,0x0000003d00a00000] [id=8984]
  0x00000236a9715290 ConcurrentGCThread "G1 Refine#2" [stack: 0x0000003d00a00000,0x0000003d00b00000] [id=4956]
  0x000002368ac464e0 ConcurrentGCThread "G1 Service" [stack: 0x0000003d7f300000,0x0000003d7f400000] [id=9844]

Threads with active compile tasks:
C1 CompilerThread0     2224 3616   !   1       jdk.internal.misc.ScopedMemoryAccess::putLongInternal (37 bytes)

VM state: at safepoint (normal execution)

VM Mutex/Monitor currently owned by a thread:  ([mutex/lock_event])
[0x000002368ab72df0] Threads_lock - owner thread: 0x00000236a8b4a290
[0x000002368ab73270] Heap_lock - owner thread: 0x00000236aa07e880

Heap address: 0x0000000081800000, size: 2024 MB, Compressed Oops mode: 32-bit

CDS archive(s) mapped at: [0x0000000800000000-0x0000000800bb0000-0x0000000800bb0000), size 12255232, SharedBaseAddress: 0x0000000800000000, ArchiveRelocationMode: 0.
Compressed class space mapped at: 0x0000000800c00000-0x0000000840c00000, reserved size: 1073741824
Narrow klass base: 0x0000000800000000, Narrow klass shift: 3, Narrow klass range: 0x100000000

GC Precious Log:
 CPUs: 8 total, 8 available
 Memory: 8089M
 Large Page Support: Disabled
 NUMA Support: Disabled
 Compressed Oops: Enabled (32-bit)
 Heap Region Size: 1M
 Heap Min Capacity: 8M
 Heap Initial Capacity: 128M
 Heap Max Capacity: 2024M
 Pre-touch: Disabled
 Parallel Workers: 8
 Concurrent Workers: 2
 Concurrent Refinement Workers: 8
 Periodic GC: Disabled

Heap:
 garbage-first heap   total 59392K, used 54176K [0x0000000081800000, 0x0000000100000000)
  region size 1024K, 41 young (41984K), 2 survivors (2048K)
 Metaspace       used 25476K, committed 25856K, reserved 1073152K
  class space    used 3431K, committed 3584K, reserved 1048576K

Heap Regions: E=young(eden), S=young(survivor), O=old, HS=humongous(starts), HC=humongous(continues), CS=collection set, F=free, OA=open archive, CA=closed archive, TAMS=top-at-mark-start (previous, next)
|   0|0x0000000081800000, 0x0000000081900000, 0x0000000081900000|100%|HS|  |TAMS 0x0000000081900000, 0x0000000081800000| Complete 
|   1|0x0000000081900000, 0x0000000081a00000, 0x0000000081a00000|100%| O|  |TAMS 0x0000000081a00000, 0x0000000081900000| Untracked 
|   2|0x0000000081a00000, 0x0000000081b00000, 0x0000000081b00000|100%| O|  |TAMS 0x0000000081b00000, 0x0000000081a00000| Untracked 
|   3|0x0000000081b00000, 0x0000000081c00000, 0x0000000081c00000|100%| O|  |TAMS 0x0000000081c00000, 0x0000000081b00000| Untracked 
|   4|0x0000000081c00000, 0x0000000081d00000, 0x0000000081d00000|100%| O|  |TAMS 0x0000000081d00000, 0x0000000081c00000| Untracked 
|   5|0x0000000081d00000, 0x0000000081e00000, 0x0000000081e00000|100%| O|  |TAMS 0x0000000081e00000, 0x0000000081d00000| Untracked 
|   6|0x0000000081e00000, 0x0000000081f00000, 0x0000000081f00000|100%| O|  |TAMS 0x0000000081f00000, 0x0000000081e00000| Untracked 
|   7|0x0000000081f00000, 0x0000000081f3c200, 0x0000000082000000| 23%| O|  |TAMS 0x0000000081f3c200, 0x0000000081f00000| Untracked 
|   8|0x0000000082000000, 0x0000000082100000, 0x0000000082100000|100%| E|CS|TAMS 0x0000000082000000, 0x0000000082000000| Complete 
|   9|0x0000000082100000, 0x0000000082200000, 0x0000000082200000|100%| E|CS|TAMS 0x0000000082100000, 0x0000000082100000| Complete 
|  10|0x0000000082200000, 0x0000000082300000, 0x0000000082300000|100%| E|CS|TAMS 0x0000000082200000, 0x0000000082200000| Complete 
|  11|0x0000000082300000, 0x0000000082400000, 0x0000000082400000|100%| E|CS|TAMS 0x0000000082300000, 0x0000000082300000| Complete 
|  12|0x0000000082400000, 0x0000000082500000, 0x0000000082500000|100%| E|CS|TAMS 0x0000000082400000, 0x0000000082400000| Complete 
|  13|0x0000000082500000, 0x0000000082600000, 0x0000000082600000|100%| E|CS|TAMS 0x0000000082500000, 0x0000000082500000| Complete 
|  14|0x0000000082600000, 0x0000000082700000, 0x0000000082700000|100%| E|CS|TAMS 0x0000000082600000, 0x0000000082600000| Complete 
|  15|0x0000000082700000, 0x0000000082800000, 0x0000000082800000|100%| E|CS|TAMS 0x0000000082700000, 0x0000000082700000| Complete 
|  16|0x0000000082800000, 0x0000000082900000, 0x0000000082900000|100%| E|CS|TAMS 0x0000000082800000, 0x0000000082800000| Complete 
|  17|0x0000000082900000, 0x0000000082a00000, 0x0000000082a00000|100%| E|CS|TAMS 0x0000000082900000, 0x0000000082900000| Complete 
|  18|0x0000000082a00000, 0x0000000082b00000, 0x0000000082b00000|100%| E|CS|TAMS 0x0000000082a00000, 0x0000000082a00000| Complete 
|  19|0x0000000082b00000, 0x0000000082c00000, 0x0000000082c00000|100%| E|CS|TAMS 0x0000000082b00000, 0x0000000082b00000| Complete 
|  20|0x0000000082c00000, 0x0000000082d00000, 0x0000000082d00000|100%| E|CS|TAMS 0x0000000082c00000, 0x0000000082c00000| Complete 
|  21|0x0000000082d00000, 0x0000000082e00000, 0x0000000082e00000|100%| E|CS|TAMS 0x0000000082d00000, 0x0000000082d00000| Complete 
|  22|0x0000000082e00000, 0x0000000082f00000, 0x0000000082f00000|100%| E|CS|TAMS 0x0000000082e00000, 0x0000000082e00000| Complete 
|  23|0x0000000082f00000, 0x0000000083000000, 0x0000000083000000|100%| E|CS|TAMS 0x0000000082f00000, 0x0000000082f00000| Complete 
|  24|0x0000000083000000, 0x0000000083100000, 0x0000000083100000|100%| E|CS|TAMS 0x0000000083000000, 0x0000000083000000| Complete 
|  25|0x0000000083100000, 0x0000000083200000, 0x0000000083200000|100%| E|CS|TAMS 0x0000000083100000, 0x0000000083100000| Complete 
|  26|0x0000000083200000, 0x0000000083300000, 0x0000000083300000|100%| E|CS|TAMS 0x0000000083200000, 0x0000000083200000| Complete 
|  27|0x0000000083300000, 0x0000000083400000, 0x0000000083400000|100%| E|CS|TAMS 0x0000000083300000, 0x0000000083300000| Complete 
|  28|0x0000000083400000, 0x0000000083500000, 0x0000000083500000|100%| E|CS|TAMS 0x0000000083400000, 0x0000000083400000| Complete 
|  29|0x0000000083500000, 0x0000000083600000, 0x0000000083600000|100%| E|CS|TAMS 0x0000000083500000, 0x0000000083500000| Complete 
|  30|0x0000000083600000, 0x0000000083700000, 0x0000000083700000|100%| E|CS|TAMS 0x0000000083600000, 0x0000000083600000| Complete 
|  31|0x0000000083700000, 0x0000000083800000, 0x0000000083800000|100%| E|CS|TAMS 0x0000000083700000, 0x0000000083700000| Complete 
|  32|0x0000000083800000, 0x0000000083900000, 0x0000000083900000|100%| E|CS|TAMS 0x0000000083800000, 0x0000000083800000| Complete 
|  33|0x0000000083900000, 0x0000000083a00000, 0x0000000083a00000|100%| E|CS|TAMS 0x0000000083900000, 0x0000000083900000| Complete 
|  34|0x0000000083a00000, 0x0000000083b00000, 0x0000000083b00000|100%| E|CS|TAMS 0x0000000083a00000, 0x0000000083a00000| Complete 
|  35|0x0000000083b00000, 0x0000000083c00000, 0x0000000083c00000|100%| E|CS|TAMS 0x0000000083b00000, 0x0000000083b00000| Complete 
|  36|0x0000000083c00000, 0x0000000083d00000, 0x0000000083d00000|100%| E|CS|TAMS 0x0000000083c00000, 0x0000000083c00000| Complete 
|  37|0x0000000083d00000, 0x0000000083e00000, 0x0000000083e00000|100%| E|CS|TAMS 0x0000000083d00000, 0x0000000083d00000| Complete 
|  38|0x0000000083e00000, 0x0000000083f00000, 0x0000000083f00000|100%| E|CS|TAMS 0x0000000083e00000, 0x0000000083e00000| Complete 
|  39|0x0000000083f00000, 0x0000000084000000, 0x0000000084000000|100%| E|CS|TAMS 0x0000000083f00000, 0x0000000083f00000| Complete 
|  40|0x0000000084000000, 0x0000000084100000, 0x0000000084100000|100%| E|CS|TAMS 0x0000000084000000, 0x0000000084000000| Complete 
|  41|0x0000000084100000, 0x0000000084200000, 0x0000000084200000|100%| E|CS|TAMS 0x0000000084100000, 0x0000000084100000| Complete 
|  42|0x0000000084200000, 0x0000000084300000, 0x0000000084300000|100%| E|CS|TAMS 0x0000000084200000, 0x0000000084200000| Complete 
|  43|0x0000000084300000, 0x0000000084400000, 0x0000000084400000|100%| E|CS|TAMS 0x0000000084300000, 0x0000000084300000| Complete 
|  44|0x0000000084400000, 0x0000000084500000, 0x0000000084500000|100%| E|CS|TAMS 0x0000000084400000, 0x0000000084400000| Complete 
|  45|0x0000000084500000, 0x0000000084600000, 0x0000000084600000|100%| E|CS|TAMS 0x0000000084500000, 0x0000000084500000| Complete 
|  46|0x0000000084600000, 0x0000000084700000, 0x0000000084700000|100%| S|  |TAMS 0x0000000084600000, 0x0000000084600000| Complete 
|  47|0x0000000084700000, 0x0000000084800000, 0x0000000084800000|100%| S|  |TAMS 0x0000000084700000, 0x0000000084700000| Complete 
|  65|0x0000000085900000, 0x00000000859ac110, 0x0000000085a00000| 67%| E|CS|TAMS 0x0000000085900000, 0x0000000085900000| Complete 
|  66|0x0000000085a00000, 0x0000000085b00000, 0x0000000085b00000|100%| E|CS|TAMS 0x0000000085a00000, 0x0000000085a00000| Complete 
|  67|0x0000000085b00000, 0x0000000085c00000, 0x0000000085c00000|100%| E|CS|TAMS 0x0000000085b00000, 0x0000000085b00000| Complete 
|  68|0x0000000085c00000, 0x0000000085d00000, 0x0000000085d00000|100%| E|CS|TAMS 0x0000000085c00000, 0x0000000085c00000| Complete 
|  69|0x0000000085d00000, 0x0000000085e00000, 0x0000000085e00000|100%| E|CS|TAMS 0x0000000085d00000, 0x0000000085d00000| Complete 
|  70|0x0000000085e00000, 0x0000000085f00000, 0x0000000085f00000|100%| E|CS|TAMS 0x0000000085e00000, 0x0000000085e00000| Complete 
|  71|0x0000000085f00000, 0x0000000086000000, 0x0000000086000000|100%| E|CS|TAMS 0x0000000085f00000, 0x0000000085f00000| Complete 
| 127|0x0000000089700000, 0x0000000089800000, 0x0000000089800000|100%| E|CS|TAMS 0x0000000089700000, 0x0000000089700000| Complete 
|2022|0x00000000ffe00000, 0x00000000fff00000, 0x00000000fff00000|100%| O|  |TAMS 0x00000000ffe00000, 0x00000000ffe00000| Untracked 
|2023|0x00000000fff00000, 0x0000000100000000, 0x0000000100000000|100%| O|  |TAMS 0x00000000fff00000, 0x00000000fff00000| Untracked 

Card table byte_map: [0x00000236a1a30000,0x00000236a1e30000] _byte_map_base: 0x00000236a1624000

Marking Bits (Prev, Next): (CMBitMap*) 0x000002368abb82c0, (CMBitMap*) 0x000002368abb8280
 Prev Bits: [0x00000236a41d0000, 0x00000236a6170000)
 Next Bits: [0x00000236a2230000, 0x00000236a41d0000)

Polling page: 0x000002368a350000

Metaspace:

Usage:
  Non-class:     21.53 MB used.
      Class:      3.35 MB used.
       Both:     24.88 MB used.

Virtual space:
  Non-class space:       24.00 MB reserved,      21.75 MB ( 91%) committed,  3 nodes.
      Class space:        1.00 GB reserved,       3.50 MB ( <1%) committed,  1 nodes.
              Both:        1.02 GB reserved,      25.25 MB (  2%) committed. 

Chunk freelists:
   Non-Class:  2.23 MB
       Class:  528.00 KB
        Both:  2.75 MB

MaxMetaspaceSize: 17179869184.00 GB
CompressedClassSpaceSize: 1.00 GB
 - commit_granule_bytes: 65536.
 - commit_granule_words: 8192.
 - virtual_space_node_default_size: 1048576.
 - enlarge_chunks_in_place: 1.
 - new_chunks_are_fully_committed: 0.
 - uncommit_free_chunks: 1.
 - use_allocation_guard: 0.
 - handle_deallocations: 1.


Internal statistics:

num_allocs_failed_limit: 3.
num_arena_births: 428.
num_arena_deaths: 0.
num_vsnodes_births: 4.
num_vsnodes_deaths: 0.
num_space_committed: 404.
num_space_uncommitted: 0.
num_chunks_returned_to_freelist: 3.
num_chunks_taken_from_freelist: 1329.
num_chunk_merges: 3.
num_chunk_splits: 853.
num_chunks_enlarged: 577.
num_purges: 0.

CodeHeap 'non-profiled nmethods': size=238336Kb used=6111Kb max_used=6111Kb free=232224Kb
 bounds [0x0000023692a30000, 0x0000023693030000, 0x00000236a12f0000]
CodeHeap 'non-nmethods': size=7424Kb used=1220Kb max_used=1220Kb free=6204Kb
 bounds [0x00000236922f0000, 0x0000023692560000, 0x0000023692a30000]
 total_blobs=4139 nmethods=3616 adapters=450
 compilation: enabled
              stopped_count=0, restarted_count=0
 full_count=0

Compilation events (20 events):
Event: 2.118 Thread 0x00000236a8b6ab80 3607       1       java.util.BitSet::expandTo (23 bytes)
Event: 2.118 Thread 0x00000236a8b6ab80 nmethod 3607 0x0000023693024a10 code [0x0000023693024ba0, 0x0000023693024ca8]
Event: 2.118 Thread 0x00000236a8b6ab80 3608       1       java.util.BitSet::set (58 bytes)
Event: 2.119 Thread 0x00000236a8b6ab80 nmethod 3608 0x0000023693024d10 code [0x0000023693024f20, 0x0000023693025398]
Event: 2.121 Thread 0x00000236a8b6ab80 3609       1       java.lang.System::getProperty (25 bytes)
Event: 2.121 Thread 0x00000236a8b6ab80 nmethod 3609 0x0000023693025610 code [0x0000023693025800, 0x0000023693025ad8]
Event: 2.130 Thread 0x00000236a8b6ab80 3610       1       org.springframework.boot.web.server.MimeMappings$Mapping::getExtension (5 bytes)
Event: 2.131 Thread 0x00000236a8b6ab80 nmethod 3610 0x0000023693025c90 code [0x0000023693025e20, 0x0000023693025ef8]
Event: 2.131 Thread 0x00000236a8b6ab80 3611       1       org.springframework.boot.web.server.MimeMappings$Mapping::getMimeType (5 bytes)
Event: 2.131 Thread 0x00000236a8b6ab80 nmethod 3611 0x0000023693025f90 code [0x0000023693026120, 0x00000236930261f8]
Event: 2.133 Thread 0x00000236a8b6ab80 3612       1       java.util.ResourceBundle$CacheKey::getLocale (5 bytes)
Event: 2.133 Thread 0x00000236a8b6ab80 nmethod 3612 0x0000023693026290 code [0x0000023693026420, 0x00000236930264f8]
Event: 2.135 Thread 0x00000236a8b6ab80 3613       1       jdk.internal.loader.URLClassPath$1::next (59 bytes)
Event: 2.135 Thread 0x00000236a8b6ab80 nmethod 3613 0x0000023693026590 code [0x0000023693026760, 0x0000023693026998]
Event: 2.135 Thread 0x00000236a8b6ab80 3614   !   1       java.nio.DirectLongBufferU::put (39 bytes)
Event: 2.135 Thread 0x00000236a8b6ab80 nmethod 3614 0x0000023693026a90 code [0x0000023693026c80, 0x0000023693026fa8]
Event: 2.135 Thread 0x00000236a8b6ab80 3615   !   1       jdk.internal.misc.ScopedMemoryAccess::putLong (25 bytes)
Event: 2.136 Thread 0x00000236a8b6ab80 nmethod 3615 0x0000023693027310 code [0x00000236930274e0, 0x0000023693027738]
Event: 2.136 Thread 0x00000236a8b6ab80 3616   !   1       jdk.internal.misc.ScopedMemoryAccess::putLongInternal (37 bytes)
Event: 2.136 Thread 0x00000236a8b6ab80 nmethod 3616 0x0000023693027910 code [0x0000023693027ac0, 0x0000023693027c08]

GC Heap History (9 events):
Event: 0.578 GC heap before
{Heap before GC invocations=0 (full 0):
 garbage-first heap   total 131072K, used 23552K [0x0000000081800000, 0x0000000100000000)
  region size 1024K, 23 young (23552K), 0 survivors (0K)
 Metaspace       used 6132K, committed 6336K, reserved 1056768K
  class space    used 718K, committed 832K, reserved 1048576K
}
Event: 0.584 GC heap after
{Heap after GC invocations=1 (full 0):
 garbage-first heap   total 131072K, used 7548K [0x0000000081800000, 0x0000000100000000)
  region size 1024K, 3 young (3072K), 3 survivors (3072K)
 Metaspace       used 6132K, committed 6336K, reserved 1056768K
  class space    used 718K, committed 832K, reserved 1048576K
}
Event: 0.596 GC heap before
{Heap before GC invocations=1 (full 0):
 garbage-first heap   total 131072K, used 35196K [0x0000000081800000, 0x0000000100000000)
  region size 1024K, 31 young (31744K), 3 survivors (3072K)
 Metaspace       used 6132K, committed 6336K, reserved 1056768K
  class space    used 718K, committed 832K, reserved 1048576K
}
Event: 0.599 GC heap after
{Heap after GC invocations=2 (full 0):
 garbage-first heap   total 131072K, used 7636K [0x0000000081800000, 0x0000000100000000)
  region size 1024K, 1 young (1024K), 1 survivors (1024K)
 Metaspace       used 6132K, committed 6336K, reserved 1056768K
  class space    used 718K, committed 832K, reserved 1048576K
}
Event: 1.337 GC heap before
{Heap before GC invocations=2 (full 0):
 garbage-first heap   total 131072K, used 83412K [0x0000000081800000, 0x0000000100000000)
  region size 1024K, 76 young (77824K), 1 survivors (1024K)
 Metaspace       used 18709K, committed 19072K, reserved 1073152K
  class space    used 2461K, committed 2624K, reserved 1048576K
}
Event: 1.342 GC heap after
{Heap after GC invocations=3 (full 0):
 garbage-first heap   total 131072K, used 12308K [0x0000000081800000, 0x0000000100000000)
  region size 1024K, 5 young (5120K), 5 survivors (5120K)
 Metaspace       used 18709K, committed 19072K, reserved 1073152K
  class space    used 2461K, committed 2624K, reserved 1048576K
}
Event: 1.678 GC heap before
{Heap before GC invocations=3 (full 0):
 garbage-first heap   total 131072K, used 67604K [0x0000000081800000, 0x0000000100000000)
  region size 1024K, 61 young (62464K), 5 survivors (5120K)
 Metaspace       used 20878K, committed 21248K, reserved 1073152K
  class space    used 2807K, committed 3008K, reserved 1048576K
}
Event: 1.684 GC heap after
{Heap after GC invocations=4 (full 0):
 garbage-first heap   total 131072K, used 14240K [0x0000000081800000, 0x0000000100000000)
  region size 1024K, 7 young (7168K), 7 survivors (7168K)
 Metaspace       used 20878K, committed 21248K, reserved 1073152K
  class space    used 2807K, committed 3008K, reserved 1048576K
}
Event: 2.136 GC heap before
{Heap before GC invocations=5 (full 0):
 garbage-first heap   total 55296K, used 54176K [0x0000000081800000, 0x0000000100000000)
  region size 1024K, 46 young (47104K), 7 survivors (7168K)
 Metaspace       used 25476K, committed 25856K, reserved 1073152K
  class space    used 3431K, committed 3584K, reserved 1048576K
}

Deoptimization events (2 events):
Event: 1.603 Thread 0x00000236aa07e880 DEOPT PACKING pc=0x0000023692d1b014 sp=0x0000003d00cfcb90
Event: 1.603 Thread 0x00000236aa07e880 DEOPT UNPACKING pc=0x000002369233dece sp=0x0000003d00cfc0d8 mode 0

Classes unloaded (0 events):
No events

Classes redefined (0 events):
No events

Internal exceptions (20 events):
Event: 1.898 Thread 0x00000236aa07e880 Exception <a 'java/lang/ClassNotFoundException'{0x000000008332e818}: org/springframework/aop/framework/AopInfrastructureBeanCustomizer> (0x000000008332e818) 
thrown [t:\workspace\open\src\hotspot\share\classfile\systemDictionary.cpp, line 256]
Event: 1.901 Thread 0x00000236aa07e880 Exception <a 'java/lang/NoSuchMethodError'{0x000000008336ac30}: 'int java.lang.invoke.DirectMethodHandle$Holder.invokeSpecialIFC(java.lang.Object, java.lang.Object, java.lang.Object, java.lang.Object, java.lang.Object)'> (0x000000008336ac30) 
thrown [t:\workspace\open\src\hotspot\share\interpreter\linkResolver.cpp, line 790]
Event: 1.919 Thread 0x00000236aa07e880 Exception <a 'java/lang/ClassNotFoundException'{0x000000008313d308}: java/lang/ObjectCustomizer> (0x000000008313d308) 
thrown [t:\workspace\open\src\hotspot\share\classfile\systemDictionary.cpp, line 256]
Event: 1.920 Thread 0x00000236aa07e880 Exception <a 'java/lang/ClassNotFoundException'{0x0000000083145648}: org/springframework/transaction/annotation/AbstractTransactionManagementConfigurationCustomizer> (0x0000000083145648) 
thrown [t:\workspace\open\src\hotspot\share\classfile\systemDictionary.cpp, line 256]
Event: 1.920 Thread 0x00000236aa07e880 Exception <a 'java/lang/ClassNotFoundException'{0x000000008314c9e0}: org/springframework/transaction/annotation/ProxyTransactionManagementConfigurationCustomizer> (0x000000008314c9e0) 
thrown [t:\workspace\open\src\hotspot\share\classfile\systemDictionary.cpp, line 256]
Event: 1.921 Thread 0x00000236aa07e880 Exception <a 'java/lang/ClassNotFoundException'{0x0000000083153cd0}: org/springframework/transaction/annotation/ProxyTransactionManagementConfiguration$$EnhancerBySpringCGLIB$$9e848527Customizer> (0x0000000083153cd0) 
thrown [t:\workspace\open\src\hotspot\share\classfile\systemDictionary.cpp, line 256]
Event: 1.921 Thread 0x00000236aa07e880 Exception <a 'java/lang/ClassNotFoundException'{0x0000000083161240}: org/springframework/context/annotation/ConfigurationClassEnhancer$EnhancedConfigurationCustomizer> (0x0000000083161240) 
thrown [t:\workspace\open\src\hotspot\share\classfile\systemDictionary.cpp, line 256]
Event: 1.922 Thread 0x00000236aa07e880 Exception <a 'java/lang/ClassNotFoundException'{0x0000000083165928}: org/springframework/beans/factory/BeanFactoryAwareCustomizer> (0x0000000083165928) 
thrown [t:\workspace\open\src\hotspot\share\classfile\systemDictionary.cpp, line 256]
Event: 1.922 Thread 0x00000236aa07e880 Exception <a 'java/lang/ClassNotFoundException'{0x000000008316b258}: org/springframework/beans/factory/AwareCustomizer> (0x000000008316b258) 
thrown [t:\workspace\open\src\hotspot\share\classfile\systemDictionary.cpp, line 256]
Event: 1.922 Thread 0x00000236aa07e880 Exception <a 'java/lang/ClassNotFoundException'{0x000000008316fa80}: org/springframework/context/annotation/ImportAwareCustomizer> (0x000000008316fa80) 
thrown [t:\workspace\open\src\hotspot\share\classfile\systemDictionary.cpp, line 256]
Event: 1.922 Thread 0x00000236aa07e880 Exception <a 'java/lang/ClassNotFoundException'{0x0000000083175070}: org/springframework/beans/factory/AwareCustomizer> (0x0000000083175070) 
thrown [t:\workspace\open\src\hotspot\share\classfile\systemDictionary.cpp, line 256]
Event: 1.984 Thread 0x00000236aa07e880 Exception <a 'java/lang/NoSuchMethodError'{0x0000000082da42d8}: 'void java.lang.invoke.DirectMethodHandle$Holder.invokeInterface(java.lang.Object, java.lang.Object, java.lang.Object)'> (0x0000000082da42d8) 
thrown [t:\workspace\open\src\hotspot\share\interpreter\linkResolver.cpp, line 790]
Event: 1.996 Thread 0x00000236aa07e880 Exception <a 'java/lang/NoSuchMethodError'{0x0000000082ca4148}: 'java.lang.Object java.lang.invoke.DirectMethodHandle$Holder.invokeSpecial(java.lang.Object, java.lang.Object, java.lang.Object, java.lang.Object, java.lang.Object, java.lang.Object, int)'> (0x0000000082ca4148) 
thrown [t:\workspace\open\src\hotspot\share\interpreter\linkResolver.cpp, line 790]
Event: 1.997 Thread 0x00000236aa07e880 Exception <a 'java/lang/NoSuchMethodError'{0x0000000082caf7f0}: 'java.lang.Object java.lang.invoke.DirectMethodHandle$Holder.newInvokeSpecial(java.lang.Object, java.lang.Object, java.lang.Object, java.lang.Object, java.lang.Object, java.lang.Object, int)'> (0x0000000082caf7f0) 
thrown [t:\workspace\open\src\hotspot\share\interpreter\linkResolver.cpp, line 790]
Event: 1.997 Thread 0x00000236aa07e880 Exception <a 'java/lang/NoSuchMethodError'{0x0000000082cb4e98}: 'java.lang.Object java.lang.invoke.DirectMethodHandle$Holder.invokeSpecial(java.lang.Object, java.lang.Object, java.lang.Object, java.lang.Object, java.lang.Object, java.lang.Object, java.lang.Object, int)'> (0x0000000082cb4e98) 
thrown [t:\workspace\open\src\hotspot\share\interpreter\linkResolver.cpp, line 790]
Event: 2.017 Thread 0x00000236aa07e880 Exception <a 'java/lang/NoSuchMethodError'{0x0000000082a71c68}: 'void java.lang.invoke.DirectMethodHandle$Holder.invokeInterface(java.lang.Object, java.lang.Object, int)'> (0x0000000082a71c68) 
thrown [t:\workspace\open\src\hotspot\share\interpreter\linkResolver.cpp, line 790]
Event: 2.020 Thread 0x00000236aa07e880 Exception <a 'java/lang/NoSuchMethodError'{0x0000000082abc858}: 'void java.lang.invoke.DirectMethodHandle$Holder.invokeStatic(java.lang.Object, int, java.lang.Object)'> (0x0000000082abc858) 
thrown [t:\workspace\open\src\hotspot\share\interpreter\linkResolver.cpp, line 790]
Event: 2.022 Thread 0x00000236aa07e880 Exception <a 'java/lang/NoSuchMethodError'{0x0000000082ae1cb8}: 'int java.lang.invoke.DirectMethodHandle$Holder.invokeVirtual(java.lang.Object, java.lang.Object)'> (0x0000000082ae1cb8) 
thrown [t:\workspace\open\src\hotspot\share\interpreter\linkResolver.cpp, line 790]
Event: 2.022 Thread 0x00000236aa07e880 Exception <a 'java/lang/NoSuchMethodError'{0x0000000082ae8ad8}: 'int java.lang.invoke.DirectMethodHandle$Holder.invokeSpecial(java.lang.Object, java.lang.Object, int)'> (0x0000000082ae8ad8) 
thrown [t:\workspace\open\src\hotspot\share\interpreter\linkResolver.cpp, line 790]
Event: 2.022 Thread 0x00000236aa07e880 Exception <a 'java/lang/NoSuchMethodError'{0x0000000082af0350}: 'int java.lang.invoke.DirectMethodHandle$Holder.invokeSpecialIFC(java.lang.Object, java.lang.Object, java.lang.Object, java.lang.Object)'> (0x0000000082af0350) 
thrown [t:\workspace\open\src\hotspot\share\interpreter\linkResolver.cpp, line 790]

Events (20 events):
Event: 2.078 loading class java/io/DeleteOnExitHook done
Event: 2.078 loading class java/io/DeleteOnExitHook$1
Event: 2.078 loading class java/io/DeleteOnExitHook$1 done
Event: 2.092 loading class java/beans/PropertyChangeSupport
Event: 2.092 loading class java/beans/PropertyChangeSupport done
Event: 2.092 loading class java/beans/PropertyChangeSupport$PropertyChangeListenerMap
Event: 2.092 loading class java/beans/ChangeListenerMap
Event: 2.092 loading class java/beans/ChangeListenerMap done
Event: 2.092 loading class java/beans/PropertyChangeSupport$PropertyChangeListenerMap done
Event: 2.092 loading class java/beans/PropertyChangeListener
Event: 2.092 loading class java/beans/PropertyChangeListener done
Event: 2.098 loading class java/beans/PropertyChangeEvent
Event: 2.099 loading class java/beans/PropertyChangeEvent done
Event: 2.126 Executing  VM operation: HandshakeAllThreads
Event: 2.126 Executing  VM operation: HandshakeAllThreads done
Event: 2.127 loading class java/beans/PropertyChangeListenerProxy
Event: 2.127 loading class java/util/EventListenerProxy
Event: 2.127 loading class java/util/EventListenerProxy done
Event: 2.127 loading class java/beans/PropertyChangeListenerProxy done
Event: 2.136 Executing  VM operation: G1CollectForAllocation


Dynamic libraries:
0x00007ff663520000 - 0x00007ff663530000 	C:\Program Files\Java\jdk-16.0.1\bin\java.exe
0x00007ffa8e0b0000 - 0x00007ffa8e2a5000 	C:\WINDOWS\SYSTEM32\ntdll.dll
0x00007ffa8d130000 - 0x00007ffa8d1ed000 	C:\WINDOWS\System32\KERNEL32.DLL
0x00007ffa8b9d0000 - 0x00007ffa8bc99000 	C:\WINDOWS\System32\KERNELBASE.dll
0x00007ffa8b820000 - 0x00007ffa8b920000 	C:\WINDOWS\System32\ucrtbase.dll
0x00007ffa86290000 - 0x00007ffa862a8000 	C:\Program Files\Java\jdk-16.0.1\bin\jli.dll
0x00007ffa8c490000 - 0x00007ffa8c53c000 	C:\WINDOWS\System32\ADVAPI32.dll
0x00007ffa8db90000 - 0x00007ffa8dc2e000 	C:\WINDOWS\System32\msvcrt.dll
0x00007ffa8d1f0000 - 0x00007ffa8d28b000 	C:\WINDOWS\System32\sechost.dll
0x00007ffa8df40000 - 0x00007ffa8e06a000 	C:\WINDOWS\System32\RPCRT4.dll
0x00007ffa8dda0000 - 0x00007ffa8df40000 	C:\WINDOWS\System32\USER32.dll
0x00007ffa8b7f0000 - 0x00007ffa8b812000 	C:\WINDOWS\System32\win32u.dll
0x00007ffa8c220000 - 0x00007ffa8c24a000 	C:\WINDOWS\System32\GDI32.dll
0x00007ffa8abe0000 - 0x00007ffa8ae7a000 	C:\WINDOWS\WinSxS\amd64_microsoft.windows.common-controls_6595b64144ccf1df_6.0.19041.1110_none_60b5254171f9507e\COMCTL32.dll
0x00007ffa8bfe0000 - 0x00007ffa8c0eb000 	C:\WINDOWS\System32\gdi32full.dll
0x00007ffa8bf40000 - 0x00007ffa8bfdd000 	C:\WINDOWS\System32\msvcp_win.dll
0x00007ffa86270000 - 0x00007ffa86289000 	C:\Program Files\Java\jdk-16.0.1\bin\VCRUNTIME140.dll
0x00007ffa82fe0000 - 0x00007ffa82fea000 	C:\WINDOWS\SYSTEM32\VERSION.dll
0x00007ffa8c140000 - 0x00007ffa8c170000 	C:\WINDOWS\System32\IMM32.DLL
0x00007ffa86260000 - 0x00007ffa8626c000 	C:\Program Files\Java\jdk-16.0.1\bin\vcruntime140_1.dll
0x00007ffa861c0000 - 0x00007ffa86251000 	C:\Program Files\Java\jdk-16.0.1\bin\msvcp140.dll
0x00007ffa53da0000 - 0x00007ffa5494b000 	C:\Program Files\Java\jdk-16.0.1\bin\server\jvm.dll
0x00007ffa8c400000 - 0x00007ffa8c408000 	C:\WINDOWS\System32\PSAPI.DLL
0x00007ffa7a6d0000 - 0x00007ffa7a6f7000 	C:\WINDOWS\SYSTEM32\WINMM.dll
0x00007ffa77fc0000 - 0x00007ffa77fc9000 	C:\WINDOWS\SYSTEM32\WSOCK32.dll
0x00007ffa8cf40000 - 0x00007ffa8cfab000 	C:\WINDOWS\System32\WS2_32.dll
0x00007ffa892b0000 - 0x00007ffa892c2000 	C:\WINDOWS\SYSTEM32\kernel.appcore.dll
0x00007ffa861b0000 - 0x00007ffa861ba000 	C:\Program Files\Java\jdk-16.0.1\bin\jimage.dll
0x00007ffa8b080000 - 0x00007ffa8b264000 	C:\WINDOWS\SYSTEM32\DBGHELP.DLL
0x00007ffa8afd0000 - 0x00007ffa8affc000 	C:\WINDOWS\SYSTEM32\dbgcore.DLL
0x00007ffa8bca0000 - 0x00007ffa8bd23000 	C:\WINDOWS\System32\bcryptPrimitives.dll
0x00007ffa861a0000 - 0x00007ffa861ae000 	C:\Program Files\Java\jdk-16.0.1\bin\instrument.dll
0x00007ffa76410000 - 0x00007ffa76435000 	C:\Program Files\Java\jdk-16.0.1\bin\java.dll
0x00007ffa8d3c0000 - 0x00007ffa8daff000 	C:\WINDOWS\System32\SHELL32.dll
0x00007ffa892d0000 - 0x00007ffa89a61000 	C:\WINDOWS\SYSTEM32\windows.storage.dll
0x00007ffa8c550000 - 0x00007ffa8c8a5000 	C:\WINDOWS\System32\combase.dll
0x00007ffa8ab70000 - 0x00007ffa8ab9c000 	C:\WINDOWS\SYSTEM32\Wldp.dll
0x00007ffa8c170000 - 0x00007ffa8c21e000 	C:\WINDOWS\System32\SHCORE.dll
0x00007ffa8d290000 - 0x00007ffa8d2e5000 	C:\WINDOWS\System32\shlwapi.dll
0x00007ffa8b730000 - 0x00007ffa8b74f000 	C:\WINDOWS\SYSTEM32\profapi.dll
0x00007ffa763b0000 - 0x00007ffa763c8000 	C:\Program Files\Java\jdk-16.0.1\bin\zip.dll
0x00007ffa763f0000 - 0x00007ffa76409000 	C:\Program Files\Java\jdk-16.0.1\bin\net.dll
0x00007ffa7a140000 - 0x00007ffa7a24a000 	C:\WINDOWS\SYSTEM32\WINHTTP.dll
0x00007ffa8a8c0000 - 0x00007ffa8a92a000 	C:\WINDOWS\system32\mswsock.dll
0x00007ffa763d0000 - 0x00007ffa763e3000 	C:\Program Files\Java\jdk-16.0.1\bin\nio.dll
0x00007ffa74090000 - 0x00007ffa740aa000 	C:\Program Files\JetBrains\IntelliJ IDEA 2021.1.2\bin\breakgen64.dll
0x00007ffa8a600000 - 0x00007ffa8a6cc000 	C:\WINDOWS\SYSTEM32\DNSAPI.dll
0x00007ffa8a5c0000 - 0x00007ffa8a5fb000 	C:\WINDOWS\SYSTEM32\IPHLPAPI.DLL
0x00007ffa8cf30000 - 0x00007ffa8cf38000 	C:\WINDOWS\System32\NSI.dll
0x00007ffa79c20000 - 0x00007ffa79c2a000 	C:\Windows\System32\rasadhlp.dll
0x00007ffa7a0c0000 - 0x00007ffa7a13f000 	C:\WINDOWS\System32\fwpuclnt.dll
0x00007ffa8c0f0000 - 0x00007ffa8c117000 	C:\WINDOWS\System32\bcrypt.dll
0x00007ffa76360000 - 0x00007ffa76369000 	C:\Program Files\Java\jdk-16.0.1\bin\management.dll
0x00007ffa76350000 - 0x00007ffa7635b000 	C:\Program Files\Java\jdk-16.0.1\bin\management_ext.dll
0x00007ffa8b580000 - 0x00007ffa8b598000 	C:\WINDOWS\SYSTEM32\CRYPTSP.dll
0x00007ffa8a290000 - 0x00007ffa8a2c4000 	C:\WINDOWS\system32\rsaenh.dll
0x00007ffa8b6f0000 - 0x00007ffa8b71e000 	C:\WINDOWS\SYSTEM32\USERENV.dll
0x00007ffa8ab60000 - 0x00007ffa8ab6c000 	C:\WINDOWS\SYSTEM32\CRYPTBASE.dll
0x00007ffa832d0000 - 0x00007ffa832e7000 	C:\WINDOWS\SYSTEM32\dhcpcsvc6.DLL
0x00007ffa83f00000 - 0x00007ffa83f1d000 	C:\WINDOWS\SYSTEM32\dhcpcsvc.DLL
0x00007ffa708a0000 - 0x00007ffa708b7000 	C:\WINDOWS\system32\napinsp.dll
0x00007ffa70880000 - 0x00007ffa7089b000 	C:\WINDOWS\system32\pnrpnsp.dll
0x00007ffa70820000 - 0x00007ffa70835000 	C:\WINDOWS\system32\wshbth.dll
0x00007ffa86140000 - 0x00007ffa8615d000 	C:\WINDOWS\system32\NLAapi.dll
0x00007ffa70800000 - 0x00007ffa70812000 	C:\WINDOWS\System32\winrnr.dll

dbghelp: loaded successfully - version: 4.0.5 - missing functions: none
symbol engine: initialized successfully - sym options: 0x614 - pdb path: .;C:\Program Files\Java\jdk-16.0.1\bin;C:\WINDOWS\SYSTEM32;C:\WINDOWS\WinSxS\amd64_microsoft.windows.common-controls_6595b64144ccf1df_6.0.19041.1110_none_60b5254171f9507e;C:\Program Files\Java\jdk-16.0.1\bin\server;C:\Program Files\JetBrains\IntelliJ IDEA 2021.1.2\bin

VM Arguments:
jvm_args: -XX:TieredStopAtLevel=1 -Xverify:none -Dspring.output.ansi.enabled=always -javaagent:C:\Program Files\JetBrains\IntelliJ IDEA 2021.1.2\lib\idea_rt.jar=55709:C:\Program Files\JetBrains\IntelliJ IDEA 2021.1.2\bin -Dcom.sun.management.jmxremote -Dspring.jmx.enabled=true -Dspring.liveBeansView.mbeanDomain -Dspring.application.admin.enabled=true -Dfile.encoding=UTF-8 
java_command: softuni.exam.ExamApplication
java_class_path (initial): F:\Java-DB\SpringData\Football-Info_Skeleton\target\classes;C:\Users\User\.m2\repository\org\springframework\boot\spring-boot-starter-data-jpa\2.5.3\spring-boot-starter-data-jpa-2.5.3.jar;C:\Users\User\.m2\repository\org\springframework\boot\spring-boot-starter-aop\2.1.6.RELEASE\spring-boot-starter-aop-2.1.6.RELEASE.jar;C:\Users\User\.m2\repository\org\springframework\spring-aop\5.1.8.RELEASE\spring-aop-5.1.8.RELEASE.jar;C:\Users\User\.m2\repository\org\aspectj\aspectjweaver\1.9.4\aspectjweaver-1.9.4.jar;C:\Users\User\.m2\repository\org\springframework\boot\spring-boot-starter-jdbc\2.1.6.RELEASE\spring-boot-starter-jdbc-2.1.6.RELEASE.jar;C:\Users\User\.m2\repository\com\zaxxer\HikariCP\3.2.0\HikariCP-3.2.0.jar;C:\Users\User\.m2\repository\org\springframework\spring-jdbc\5.1.8.RELEASE\spring-jdbc-5.1.8.RELEASE.jar;C:\Users\User\.m2\repository\jakarta\transaction\jakarta.transaction-api\1.3.3\jakarta.transaction-api-1.3.3.jar;C:\Users\User\.m2\repository\jakarta\persistence\jakarta.persistence-api\2.2.3\jakarta.persistence-api-2.2.3.jar;C:\Users\User\.m2\repository\org\hibernate\hibernate-core\5.3.10.Final\hibernate-core-5.3.10.Final.jar;C:\Users\User\.m2\repository\org\javassist\javassist\3.23.2-GA\javassist-3.23.2-GA.jar;C:\Users\User\.m2\repository\net\bytebuddy\byte-buddy\1.9.13\byte-buddy-1.9.13.jar;C:\Users\User\.m2\repository\antlr\antlr\2.7.7\antlr-2.7.7.jar;C:\Users\User\.m2\repository\org\jboss\jandex\2.0.5.Final\jandex-2.0.5.Final.jar;C:\Users\User\.m2\repository\org\dom4j\dom4j\2.1.1\dom4j-2.1.1.jar;C:\Users\User\.m2\repository\org\hibernate\common\hibernate-commons-annotations\5.0.4.Final\hibernate-commons-annotations-5.0.4.Final.jar;C:\Users\User\.m2\repository\org\springframework\data\spring-data-jpa\2.1.9.RELEASE\spring-data-jpa-2.1.9.RELEASE.jar;C:\Users\User\.m2\repository\org\springframework\data\spring-data-commons\2.1.9.RELEASE\spring-data-commons-2.1.9.RELEASE.jar;C:\Users\User\.m2\repository\org\springframework\sprin
Launcher Type: SUN_STANDARD

[Global flags]
     intx CICompilerCount                          = 4                                         {product} {ergonomic}
     uint ConcGCThreads                            = 2                                         {product} {ergonomic}
     uint G1ConcRefinementThreads                  = 8                                         {product} {ergonomic}
   size_t G1HeapRegionSize                         = 1048576                                   {product} {ergonomic}
    uintx GCDrainStackTargetSize                   = 64                                        {product} {ergonomic}
   size_t InitialHeapSize                          = 134217728                                 {product} {ergonomic}
     bool ManagementServer                         = true                                      {product} {command line}
   size_t MarkStackSize                            = 4194304                                   {product} {ergonomic}
   size_t MaxHeapSize                              = 2122317824                                {product} {ergonomic}
   size_t MaxNewSize                               = 1272971264                                {product} {ergonomic}
   size_t MinHeapDeltaBytes                        = 1048576                                   {product} {ergonomic}
   size_t MinHeapSize                              = 8388608                                   {product} {ergonomic}
    uintx NonNMethodCodeHeapSize                   = 7549744                                {pd product} {ergonomic}
    uintx NonProfiledCodeHeapSize                  = 244108496                              {pd product} {ergonomic}
    uintx ProfiledCodeHeapSize                     = 0                                      {pd product} {ergonomic}
    uintx ReservedCodeCacheSize                    = 251658240                              {pd product} {ergonomic}
     bool SegmentedCodeCache                       = true                                      {product} {ergonomic}
   size_t SoftMaxHeapSize                          = 2122317824                             {manageable} {ergonomic}
     intx TieredStopAtLevel                        = 1                                         {product} {command line}
     bool UseCompressedClassPointers               = true                           {product lp64_product} {ergonomic}
     bool UseCompressedOops                        = true                           {product lp64_product} {ergonomic}
     bool UseG1GC                                  = true                                      {product} {ergonomic}
     bool UseLargePagesIndividualAllocation        = false                                  {pd product} {ergonomic}

Logging:
Log output configuration:
 #0: stdout all=warning uptime,level,tags
 #1: stderr all=off uptime,level,tags

Environment Variables:
PATH=C:\Program Files\Common Files\Oracle\Java\javapath;C:\WINDOWS\system32;C:\WINDOWS;C:\WINDOWS\System32\Wbem;C:\WINDOWS\System32\WindowsPowerShell\v1.0\;C:\WINDOWS\System32\OpenSSH\;C:\Program Files\nodejs\;C:\Users\User\AppData\Local\Microsoft\WindowsApps;C:\Users\User\AppData\Roaming\npm;C:\Users\User\AppData\Local\Programs\Microsoft VS Code\bin;C:\Users\User\AppData\Local\GitHubDesktop\bin;
USERNAME=User
OS=Windows_NT
PROCESSOR_IDENTIFIER=Intel64 Family 6 Model 142 Stepping 10, GenuineIntel



---------------  S Y S T E M  ---------------

OS:
 Windows 10 , 64 bit Build 19041 (10.0.19041.1023)
OS uptime: 0 days 2:52 hours

CPU: total 8 (initial active 8) (4 cores per cpu, 2 threads per core) family 6 model 142 stepping 10 microcode 0xb4, cx8, cmov, fxsr, ht, mmx, 3dnowpref, sse, sse2, sse3, ssse3, sse4.1, sse4.2, popcnt, lzcnt, tsc, tscinvbit, avx, avx2, aes, erms, clmul, bmi1, bmi2, adx, fma, vzeroupper, clflush, clflushopt

Memory: 4k page, system-wide physical 8089M (1428M free)
TotalPageFile size 16281M (AvailPageFile size 6931M)
current process WorkingSet (physical memory assigned to process): 139M, peak: 163M
current process commit charge ("private bytes"): 183M, peak: 248M

vm_info: Java HotSpot(TM) 64-Bit Server VM (16.0.1+9-24) for windows-amd64 JRE (16.0.1+9-24), built on Mar 26 2021 19:31:42 by "mach5one" with MS VC++ 16.7 (VS2019)

END.
